alsa-utils
arch-install-scripts
archlinux-xdg-menu
ashell
base
base-devel
blueman
bluez
bluez-utils
breeze
brightnessctl
btop
btrfs-progs
cliphist
code
curd
dolphin
dosfstools
efibootmgr
fastfetch
fuzzel
git
grim
grub
gtk4
htop
hypridle
hyprland
hyprlock
hyprpaper
hyprpicker
hyprpolkitagent
hyprpwcenter
hyprqt6engine
hyprshot
hyprshutdown
hyprsunset
hyprsysteminfo
imv
intel-ucode
kitty
libinput-tools
libnotify
linux
linux-firmware
linux-headers
ly
mako
mesa-utils
nano
neovim
networkmanager
noto-fonts
nvidia-open-dkms
obs-studio
obsidian
openssh
os-prober
pacman-contrib
paru
paru-debug
pipewire-alsa
pipewire-pulse
playerctl
preload
prismlauncher
qt5-wayland
qt6-wayland
quickshell
slurp
steam
sudo
swappy
timeshift
ttf-noto-nerd
unzip
wev
wireplumber
wl-clipboard
xdg-desktop-portal-hyprland
xdg-desktop-portal-kde
zen-browser-bin
