adw-gtk-theme
alacritty
arrpc
base
base-devel
blueman
bluez-utils
brightnessctl
btop
btrfs-progs
cava
cloudflare-warp-bin
code
curd
dankcalendar-bin
dms-shell-niri
ffmpegthumbnailer
fish
git
gnome-keyring
greetd-dms-greeter-git
intel-media-driver
intel-ucode
intel-undervolt
inter-font
kimageformats
libva-nvidia-driver
linux
linux-firmware
linux-headers
matugen
nano
ncdu
neovim
networkmanager
niri
ntfsprogs
nvidia-open-dkms
nvidia-prime
nwg-look
obs-studio
obsidian
paru
paru-debug
pavucontrol
pipewire-pulse
playerctl
preload
qt6ct-kde
timeshift
tlp-pd
tlpui
tmux
ttf-fira-code
ttf-jetbrains-mono-nerd
wtype
xwayland-satellite
zen-browser-bin
